


ARM Macro Assembler    Page 1 


    1 00000000         ;*******************************************************
                       ************************
    2 00000000         ; *file       : startup_HR8P506.s
    3 00000000         ; *description: HR8P506 Device Startup File
    4 00000000         ; *author     : Eastsoft MCU Software Team
    5 00000000         ; *version    : V0.01
    6 00000000         ; *data       : 1/28/2016
    7 00000000         ;
    8 00000000         ; *Copyright (C) 2016 Shanghai Eastsoft Microelectronics
                        Co., Ltd.
    9 00000000         ; *
   10 00000000         ; * THIS SOFTWARE IS PROVIDED "AS IS".  NO WARRANTIES, W
                       HETHER EXPRESS, IMPLIED
   11 00000000         ; * OR STATUTORY, INCLUDING, BUT NOT LIMITED TO, IMPLIED
                        WARRANTIES OF
   12 00000000         ; * MERCHANTABILITY AND FITNESS FOR A PARTICULAR PURPOSE
                        APPLY TO THIS SOFTWARE.
   13 00000000         ; * ARM SHALL NOT, IN ANY CIRCUMSTANCES, BE LIABLE FOR S
                       PECIAL, INCIDENTAL, OR
   14 00000000         ; * CONSEQUENTIAL DAMAGES, FOR ANY REASON WHATSOEVER.
   15 00000000         ;*******************************************************
                       ************************
   16 00000000         
   17 00000000         
   18 00000000         ; <h> Stack Configuration
   19 00000000         ;   <o> Stack Size (in Bytes) <0x0-0xFFFFFFFF:8>
   20 00000000         ; </h>
   21 00000000         
   22 00000000 00000400 
                       Stack_Size
                               EQU              0x00000400
   23 00000000         
   24 00000000                 AREA             STACK, NOINIT, READWRITE, ALIGN
=3
   25 00000000         Stack_Mem
                               SPACE            Stack_Size
   26 00000400         __initial_sp
   27 00000400         
   28 00000400         
   29 00000400         ; <h> Heap Configuration
   30 00000400         ;   <o>  Heap Size (in Bytes) <0x0-0xFFFFFFFF:8>
   31 00000400         ; </h>
   32 00000400         
   33 00000400 00000000 
                       Heap_Size
                               EQU              0x00000000
   34 00000400         
   35 00000400                 AREA             HEAP, NOINIT, READWRITE, ALIGN=
3
   36 00000000         __heap_base
   37 00000000         Heap_Mem
                               SPACE            Heap_Size
   38 00000000         __heap_limit
   39 00000000         
   40 00000000                 PRESERVE8
   41 00000000                 THUMB
   42 00000000         
   43 00000000         ; Vector Table Mapped to Address 0 at Reset
   44 00000000         



ARM Macro Assembler    Page 2 


   45 00000000                 AREA             RESET, DATA, READONLY
   46 00000000                 EXPORT           __Vectors
   47 00000000         
   48 00000000         
   49 00000000 00000000 
                       __Vectors
                               DCD              __initial_sp ; Top of Stack
   50 00000004 00000000        DCD              Reset_IRQHandler 
                                                            ; Reset Handler
   51 00000008 00000000        DCD              NMI_IRQHandler ; NMI Handler
   52 0000000C 00000000        DCD              HardFault_IRQHandler 
                                                            ; HardFault Handler
                                                            
   53 00000010 00000000        DCD              0           ; Reserved
   54 00000014 00000000        DCD              0           ; Reserved
   55 00000018 00000000        DCD              0           ; Reserved
   56 0000001C 00000000        DCD              0           ; Reserved
   57 00000020 00000000        DCD              0           ; Reserved
   58 00000024 00000000        DCD              0           ; Reserved
   59 00000028 00000000        DCD              0           ; Reserved
   60 0000002C 00000000        DCD              vPortSVCHandler 
                                                            ; SVCall Handler
   61 00000030 00000000        DCD              0           ; Reserved
   62 00000034 00000000        DCD              0           ; Reserved
   63 00000038 00000000        DCD              xPortPendSVHandler 
                                                            ; PendSV Handler
   64 0000003C 00000000        DCD              xPortSysTickHandler 
                                                            ; SysTick Handler
   65 00000040         
   66 00000040         ; External Interrupts
   67 00000040 00000000        DCD              PINT0_IRQHandler ;16, PINT0 IRQ
                                                            Handler
   68 00000044 00000000        DCD              PINT1_IRQHandler ;17, PINT1 IRQ
                                                            Handler
   69 00000048 00000000        DCD              PINT2_IRQHandler ;18, PINT2 IRQ
                                                            Handler
   70 0000004C 00000000        DCD              PINT3_IRQHandler ;19, PINT3 IRQ
                                                            Handler
   71 00000050 00000000        DCD              PINT4_IRQHandler ;20, PINT4 IRQ
                                                            Handler
   72 00000054 00000000        DCD              PINT5_IRQHandler ;21, PINT5 IRQ
                                                            Handler
   73 00000058 00000000        DCD              PINT6_IRQHandler ;22, PINT6 IRQ
                                                            Handler
   74 0000005C 00000000        DCD              PINT7_IRQHandler ;23, PINT7 IRQ
                                                            Handler
   75 00000060 00000000        DCD              T16N0_IRQHandler ;24, T16N0 IRQ
                                                            Handler
   76 00000064 00000000        DCD              T16N1_IRQHandler ;25, T16N1 IRQ
                                                            Handler
   77 00000068 00000000        DCD              T16N2_IRQHandler ;26, T16N2 IRQ
                                                            Handler
   78 0000006C 00000000        DCD              T16N3_IRQHandler ;27, T16N3 IRQ
                                                            Handler
   79 00000070 00000000        DCD              T32N0_IRQHandler ;28, T32N0 IRQ
                                                            Handler
   80 00000074 00000000        DCD              0           ;29, Reserved
   81 00000078 00000000        DCD              0           ;30, Reserved
   82 0000007C 00000000        DCD              0           ;31, Reserved



ARM Macro Assembler    Page 3 


   83 00000080 00000000        DCD              WDT_IRQHandler 
                                                            ;32, WDT IRQHandler
                                                            
   84 00000084 00000000        DCD              RTC_IRQHandler 
                                                            ;33, RTC IRQHandler
                                                            
   85 00000088 00000000        DCD              KINT_IRQHandler ;34, KINT IRQHa
                                                            ndler
   86 0000008C 00000000        DCD              ADC_IRQHandler 
                                                            ;35, ADC IRQHandler
                                                            
   87 00000090 00000000        DCD              0           ;36, Reserved
   88 00000094 00000000        DCD              LVD_IRQHandler 
                                                            ;37, LVD IRQHandler
                                                            
   89 00000098 00000000        DCD              PLLLK_IRQHandler ;38, PLLLK IRQ
                                                            Handler
   90 0000009C 00000000        DCD              UART0_IRQHandler ;39, UART0 IRQ
                                                            Handler
   91 000000A0 00000000        DCD              UART1_IRQHandler ;40, UART1 IRQ
                                                            Handler
   92 000000A4 00000000        DCD              EUART0_IRQHandler ;41, EUART0 I
                                                            RQHandler
   93 000000A8 00000000        DCD              0           ;42, Reserved
   94 000000AC 00000000        DCD              SPI0_IRQHandler ;43, SPI0 IRQHa
                                                            ndler
   95 000000B0 00000000        DCD              SPI1_IRQHandler ;44, SPI1 IRQHa
                                                            ndler
   96 000000B4 00000000        DCD              I2C0_IRQHandler ;45, I2C0 IRQHa
                                                            ndler
   97 000000B8 00000000        DCD              0           ;46, Reserved
   98 000000BC 00000000        DCD              CCM_IRQHandler 
                                                            ;47, CCM IRQHandler
                                                            
   99 000000C0         
  100 000000C0                 AREA             |.text|, CODE, READONLY
  101 00000000         
  102 00000000         ; Reset Handler
  103 00000000         
  104 00000000         CPSID_i PROC
  105 00000000                 EXPORT           CPSID_i
  106 00000000 B672            CPSID            i
  107 00000002 4770            BX               LR
  108 00000004                 ENDP
  109 00000004         
  110 00000004         CPSIE_i PROC
  111 00000004                 EXPORT           CPSIE_i
  112 00000004 B662            CPSIE            i
  113 00000006 4770            BX               LR
  114 00000008                 ENDP
  115 00000008         
  116 00000008         Reset_IRQHandler
                               PROC
  117 00000008                 EXPORT           Reset_IRQHandler             [W
EAK]
  118 00000008                 IMPORT           __main
  119 00000008                 IMPORT           SystemInit
  120 00000008 4807            LDR              R0, =RegInit
  121 0000000A 4780            BLX              R0



ARM Macro Assembler    Page 4 


  122 0000000C 4807            LDR              R0, =SystemInit
  123 0000000E 4780            BLX              R0
  124 00000010 4807            LDR              R0, =__main
  125 00000012 4700            BX               R0
  126 00000014                 ENDP
  127 00000014         
  128 00000014         ; Dummy Exception IRQHandlers (infinite loops which can 
                       be modified)
  129 00000014         
  130 00000014         xPortPendSVHandler
                               PROC
  131 00000014                 EXPORT           xPortPendSVHandler             
  [WEAK]
  132 00000014 E7FE            B                .
  133 00000016                 ENDP
  134 00000016         xPortSysTickHandler
                               PROC
  135 00000016                 EXPORT           xPortSysTickHandler            
   [WEAK]
  136 00000016 E7FE            B                .
  137 00000018                 ENDP
  138 00000018         vPortSVCHandler
                               PROC
  139 00000018                 EXPORT           vPortSVCHandler               [
WEAK]
  140 00000018 E7FE            B                .
  141 0000001A                 ENDP
  142 0000001A         
  143 0000001A         NMI_IRQHandler
                               PROC
  144 0000001A                 EXPORT           NMI_IRQHandler               [W
EAK]
  145 0000001A E7FE            B                .
  146 0000001C                 ENDP
  147 0000001C         HardFault_IRQHandler
                               PROC
  148 0000001C                 EXPORT           HardFault_IRQHandler         [W
EAK]
  149 0000001C E7FE            B                .
  150 0000001E                 ENDP
  151 0000001E         SVC_IRQHandler
                               PROC
  152 0000001E                 EXPORT           SVC_IRQHandler               [W
EAK]
  153 0000001E E7FE            B                .
  154 00000020                 ENDP
  155 00000020         PendSV_IRQHandler
                               PROC
  156 00000020                 EXPORT           PendSV_IRQHandler            [W
EAK]
  157 00000020 E7FE            B                .
  158 00000022                 ENDP
  159 00000022         SysTick_IRQHandler
                               PROC
  160 00000022                 EXPORT           SysTick_IRQHandler           [W
EAK]
  161 00000022 E7FE            B                .
  162 00000024                 ENDP
  163 00000024         



ARM Macro Assembler    Page 5 


  164 00000024         Default_IRQHandler
                               PROC
  165 00000024                 EXPORT           PINT0_IRQHandler    [WEAK]
  166 00000024                 EXPORT           PINT1_IRQHandler    [WEAK]
  167 00000024                 EXPORT           PINT2_IRQHandler    [WEAK]
  168 00000024                 EXPORT           PINT3_IRQHandler    [WEAK]
  169 00000024                 EXPORT           PINT4_IRQHandler    [WEAK]
  170 00000024                 EXPORT           PINT5_IRQHandler    [WEAK]
  171 00000024                 EXPORT           PINT6_IRQHandler    [WEAK]
  172 00000024                 EXPORT           PINT7_IRQHandler    [WEAK]
  173 00000024                 EXPORT           T16N0_IRQHandler    [WEAK]
  174 00000024                 EXPORT           T16N1_IRQHandler    [WEAK]
  175 00000024                 EXPORT           T16N2_IRQHandler    [WEAK]
  176 00000024                 EXPORT           T16N3_IRQHandler    [WEAK]
  177 00000024                 EXPORT           T32N0_IRQHandler    [WEAK]
  178 00000024                 EXPORT           WDT_IRQHandler      [WEAK]
  179 00000024                 EXPORT           RTC_IRQHandler      [WEAK]
  180 00000024                 EXPORT           KINT_IRQHandler     [WEAK]
  181 00000024                 EXPORT           ADC_IRQHandler      [WEAK]
  182 00000024                 EXPORT           LVD_IRQHandler      [WEAK]
  183 00000024                 EXPORT           PLLLK_IRQHandler    [WEAK]
  184 00000024                 EXPORT           UART0_IRQHandler    [WEAK]
  185 00000024                 EXPORT           UART1_IRQHandler    [WEAK]
  186 00000024                 EXPORT           EUART0_IRQHandler   [WEAK]
  187 00000024                 EXPORT           SPI0_IRQHandler     [WEAK]
  188 00000024                 EXPORT           SPI1_IRQHandler     [WEAK]
  189 00000024                 EXPORT           I2C0_IRQHandler     [WEAK]
  190 00000024                 EXPORT           CCM_IRQHandler      [WEAK]
  191 00000024         
  192 00000024         PINT0_IRQHandler
  193 00000024         PINT1_IRQHandler
  194 00000024         PINT2_IRQHandler
  195 00000024         PINT3_IRQHandler
  196 00000024         PINT4_IRQHandler
  197 00000024         PINT5_IRQHandler
  198 00000024         PINT6_IRQHandler
  199 00000024         PINT7_IRQHandler
  200 00000024         T16N0_IRQHandler
  201 00000024         T16N1_IRQHandler
  202 00000024         T16N2_IRQHandler
  203 00000024         T16N3_IRQHandler
  204 00000024         T32N0_IRQHandler
  205 00000024         WDT_IRQHandler
  206 00000024         RTC_IRQHandler
  207 00000024         KINT_IRQHandler
  208 00000024         ADC_IRQHandler
  209 00000024         LVD_IRQHandler
  210 00000024         PLLLK_IRQHandler
  211 00000024         UART0_IRQHandler
  212 00000024         UART1_IRQHandler
  213 00000024         EUART0_IRQHandler
  214 00000024         SPI0_IRQHandler
  215 00000024         SPI1_IRQHandler
  216 00000024         I2C0_IRQHandler
  217 00000024         CCM_IRQHandler
  218 00000024         
  219 00000024 E7FE            B                .
  220 00000026         
  221 00000026                 ENDP



ARM Macro Assembler    Page 6 


  222 00000026         
  223 00000026         
  224 00000026         ;calibration value initial
  225 00000026         
  226 00000026 00 00 00000000 
              00000000 
              00000000         AREA             |.text|, CODE, READONLY
  227 00000034                 EXPORT           RegInit
  228 00000034         
  229 00000034         RegInit PROC
  230 00000034 B500            PUSH             {LR}
  231 00000036 BF00            NOP
  232 00000038 BF00            NOP
  233 0000003A BF00            NOP
  234 0000003C BF00            NOP
  235 0000003E BF00            NOP
  236 00000040         
  237 00000040 4819            LDR              R0, =0x40000080
  238 00000042 491A            LDR              R1, =0xAA559669
  239 00000044 6001            STR              R1, [R0]
  240 00000046         
  241 00000046 481A            LDR              R0, =0x00100124
  242 00000048 4F1A            LDR              R7, =0x400000A4
  243 0000004A F000 F810       BL               IP_CAL_LOAD
  244 0000004E         
  245 0000004E 481A            LDR              R0, =0x00100128
  246 00000050 4F1A            LDR              R7, =0x400000A8
  247 00000052 F000 F80C       BL               IP_CAL_LOAD
  248 00000056         
  249 00000056 481A            LDR              R0, =0x0010012C
  250 00000058 4F1A            LDR              R7, =0x4000009C
  251 0000005A F000 F808       BL               IP_CAL_LOAD
  252 0000005E         
  253 0000005E 481A            LDR              R0, =0x00100130
  254 00000060 4F1A            LDR              R7, =0x400000A0
  255 00000062 F000 F804       BL               IP_CAL_LOAD
  256 00000066         
  257 00000066 4810            LDR              R0, =0x40000080
  258 00000068 4919            LDR              R1, =0x00000000
  259 0000006A 6001            STR              R1, [R0]
  260 0000006C         
  261 0000006C BD00            POP              {PC}
  262 0000006E         
  263 0000006E         
  264 0000006E         IP_CAL_LOAD
  265 0000006E B500            PUSH             {LR}
  266 00000070 4A18            LDR              R2, =0xFFFFFFFF
  267 00000072 6801            LDR              R1, [R0]
  268 00000074 4291            CMP              R1, R2
  269 00000076 D103            BNE              IP_CAL_VERIFY
  270 00000078 6801            LDR              R1, [R0]
  271 0000007A 4291            CMP              R1, R2
  272 0000007C D100            BNE              IP_CAL_VERIFY
  273 0000007E         
  274 0000007E E012            B                IP_CAL_EMPTY
  275 00000080         
  276 00000080         IP_CAL_VERIFY
  277 00000080 4D15            LDR              R5, =0x00000003
  278 00000082 4C16            LDR              R4, =0x000000FF



ARM Macro Assembler    Page 7 


  279 00000084         IP_CAL_VERIFY_LOOP
  280 00000084 000A            MOVS             R2, R1
  281 00000086 4022            ANDS             R2, R4
  282 00000088         
  283 00000088 0A0B            LSRS             R3, R1, #8
  284 0000008A 4023            ANDS             R3, R4
  285 0000008C 18D2            ADDS             R2, R3
  286 0000008E         
  287 0000008E 0C0B            LSRS             R3, R1, #16
  288 00000090 4023            ANDS             R3, R4
  289 00000092 18D2            ADDS             R2, R3
  290 00000094 4022            ANDS             R2, R4
  291 00000096         
  292 00000096 0E0B            LSRS             R3, R1, #24
  293 00000098         
  294 00000098 429A            CMP              R2, R3
  295 0000009A D003            BEQ              IP_LOAD_OK
  296 0000009C 3D01            SUBS             R5, #1
  297 0000009E D002            BEQ              IP_CAL_EMPTY
  298 000000A0 6801            LDR              R1, [R0]
  299 000000A2 E7EF            B                IP_CAL_VERIFY_LOOP
  300 000000A4         
  301 000000A4         IP_LOAD_OK
  302 000000A4 6039            STR              R1, [R7]
  303 000000A6         
  304 000000A6         IP_CAL_EMPTY
  305 000000A6 BD00            POP              {PC}
  306 000000A8         
  307 000000A8                 ALIGN
  308 000000A8 40000080 
              AA559669 
              00100124 
              400000A4 
              00100128 
              400000A8 
              0010012C 
              4000009C 
              00100130 
              400000A0 
              00000000 
              FFFFFFFF 
              00000003 
              000000FF         LTORG
  309 000000E0                 ENDP
  310 000000E0         
  311 000000E0         
  312 000000E0                 ALIGN
  313 000000E0         
  314 000000E0         ; User Initial Stack & Heap
  315 000000E0         
  316 000000E0                 IF               :DEF:__MICROLIB
  323 000000E0         
  324 000000E0                 IMPORT           __use_two_region_memory
  325 000000E0                 EXPORT           __user_initial_stackheap
  326 000000E0         __user_initial_stackheap
  327 000000E0         
  328 000000E0 4802            LDR              R0, =  Heap_Mem
  329 000000E2 4903            LDR              R1, =(Stack_Mem + Stack_Size)
  330 000000E4 4A01            LDR              R2, = (Heap_Mem +  Heap_Size)



ARM Macro Assembler    Page 8 


  331 000000E6 4B03            LDR              R3, = Stack_Mem
  332 000000E8 4770            BX               LR
  333 000000EA         
  334 000000EA 00 00           ALIGN
  335 000000EC         
  336 000000EC                 ENDIF
  337 000000EC         
  338 000000EC                 END
              00000000 
              00000400 
              00000000 
Command Line: --debug --xref --cpu=Cortex-M0 --apcs=interwork --depend=.\startu
p_HR8P506.d -o.\startup_HR8P506.o -ID:\keil4\ARM\INC -ID:\keil4\ARM\INC\ARM --l
ist=.\startup_HR8P506.lst ..\StartUp\startup_HR8P506.s



ARM Macro Assembler    Page 1 Alphabetic symbol ordering
Relocatable symbols

STACK 00000000

Symbol: STACK
   Definitions
      At line 24 in file ..\StartUp\startup_HR8P506.s
   Uses
      None
Comment: STACK unused
Stack_Mem 00000000

Symbol: Stack_Mem
   Definitions
      At line 25 in file ..\StartUp\startup_HR8P506.s
   Uses
      At line 329 in file ..\StartUp\startup_HR8P506.s
      At line 331 in file ..\StartUp\startup_HR8P506.s

__initial_sp 00000400

Symbol: __initial_sp
   Definitions
      At line 26 in file ..\StartUp\startup_HR8P506.s
   Uses
      At line 49 in file ..\StartUp\startup_HR8P506.s
Comment: __initial_sp used once
3 symbols



ARM Macro Assembler    Page 1 Alphabetic symbol ordering
Relocatable symbols

HEAP 00000000

Symbol: HEAP
   Definitions
      At line 35 in file ..\StartUp\startup_HR8P506.s
   Uses
      None
Comment: HEAP unused
Heap_Mem 00000000

Symbol: Heap_Mem
   Definitions
      At line 37 in file ..\StartUp\startup_HR8P506.s
   Uses
      At line 328 in file ..\StartUp\startup_HR8P506.s
      At line 330 in file ..\StartUp\startup_HR8P506.s

__heap_base 00000000

Symbol: __heap_base
   Definitions
      At line 36 in file ..\StartUp\startup_HR8P506.s
   Uses
      None
Comment: __heap_base unused
__heap_limit 00000000

Symbol: __heap_limit
   Definitions
      At line 38 in file ..\StartUp\startup_HR8P506.s
   Uses
      None
Comment: __heap_limit unused
4 symbols



ARM Macro Assembler    Page 1 Alphabetic symbol ordering
Relocatable symbols

RESET 00000000

Symbol: RESET
   Definitions
      At line 45 in file ..\StartUp\startup_HR8P506.s
   Uses
      None
Comment: RESET unused
__Vectors 00000000

Symbol: __Vectors
   Definitions
      At line 49 in file ..\StartUp\startup_HR8P506.s
   Uses
      At line 46 in file ..\StartUp\startup_HR8P506.s
Comment: __Vectors used once
2 symbols



ARM Macro Assembler    Page 1 Alphabetic symbol ordering
Relocatable symbols

.text 00000000

Symbol: .text
   Definitions
      At line 100 in file ..\StartUp\startup_HR8P506.s
   Uses
      None
Comment: .text unused
ADC_IRQHandler 00000024

Symbol: ADC_IRQHandler
   Definitions
      At line 208 in file ..\StartUp\startup_HR8P506.s
   Uses
      At line 86 in file ..\StartUp\startup_HR8P506.s
      At line 181 in file ..\StartUp\startup_HR8P506.s

CCM_IRQHandler 00000024

Symbol: CCM_IRQHandler
   Definitions
      At line 217 in file ..\StartUp\startup_HR8P506.s
   Uses
      At line 98 in file ..\StartUp\startup_HR8P506.s
      At line 190 in file ..\StartUp\startup_HR8P506.s

CPSID_i 00000000

Symbol: CPSID_i
   Definitions
      At line 104 in file ..\StartUp\startup_HR8P506.s
   Uses
      At line 105 in file ..\StartUp\startup_HR8P506.s
Comment: CPSID_i used once
CPSIE_i 00000004

Symbol: CPSIE_i
   Definitions
      At line 110 in file ..\StartUp\startup_HR8P506.s
   Uses
      At line 111 in file ..\StartUp\startup_HR8P506.s
Comment: CPSIE_i used once
Default_IRQHandler 00000024

Symbol: Default_IRQHandler
   Definitions
      At line 164 in file ..\StartUp\startup_HR8P506.s
   Uses
      None
Comment: Default_IRQHandler unused
EUART0_IRQHandler 00000024

Symbol: EUART0_IRQHandler
   Definitions
      At line 213 in file ..\StartUp\startup_HR8P506.s
   Uses
      At line 92 in file ..\StartUp\startup_HR8P506.s
      At line 186 in file ..\StartUp\startup_HR8P506.s




ARM Macro Assembler    Page 2 Alphabetic symbol ordering
Relocatable symbols

HardFault_IRQHandler 0000001C

Symbol: HardFault_IRQHandler
   Definitions
      At line 147 in file ..\StartUp\startup_HR8P506.s
   Uses
      At line 52 in file ..\StartUp\startup_HR8P506.s
      At line 148 in file ..\StartUp\startup_HR8P506.s

I2C0_IRQHandler 00000024

Symbol: I2C0_IRQHandler
   Definitions
      At line 216 in file ..\StartUp\startup_HR8P506.s
   Uses
      At line 96 in file ..\StartUp\startup_HR8P506.s
      At line 189 in file ..\StartUp\startup_HR8P506.s

IP_CAL_EMPTY 000000A6

Symbol: IP_CAL_EMPTY
   Definitions
      At line 304 in file ..\StartUp\startup_HR8P506.s
   Uses
      At line 274 in file ..\StartUp\startup_HR8P506.s
      At line 297 in file ..\StartUp\startup_HR8P506.s

IP_CAL_LOAD 0000006E

Symbol: IP_CAL_LOAD
   Definitions
      At line 264 in file ..\StartUp\startup_HR8P506.s
   Uses
      At line 243 in file ..\StartUp\startup_HR8P506.s
      At line 247 in file ..\StartUp\startup_HR8P506.s
      At line 251 in file ..\StartUp\startup_HR8P506.s
      At line 255 in file ..\StartUp\startup_HR8P506.s

IP_CAL_VERIFY 00000080

Symbol: IP_CAL_VERIFY
   Definitions
      At line 276 in file ..\StartUp\startup_HR8P506.s
   Uses
      At line 269 in file ..\StartUp\startup_HR8P506.s
      At line 272 in file ..\StartUp\startup_HR8P506.s

IP_CAL_VERIFY_LOOP 00000084

Symbol: IP_CAL_VERIFY_LOOP
   Definitions
      At line 279 in file ..\StartUp\startup_HR8P506.s
   Uses
      At line 299 in file ..\StartUp\startup_HR8P506.s
Comment: IP_CAL_VERIFY_LOOP used once
IP_LOAD_OK 000000A4

Symbol: IP_LOAD_OK
   Definitions



ARM Macro Assembler    Page 3 Alphabetic symbol ordering
Relocatable symbols

      At line 301 in file ..\StartUp\startup_HR8P506.s
   Uses
      At line 295 in file ..\StartUp\startup_HR8P506.s
Comment: IP_LOAD_OK used once
KINT_IRQHandler 00000024

Symbol: KINT_IRQHandler
   Definitions
      At line 207 in file ..\StartUp\startup_HR8P506.s
   Uses
      At line 85 in file ..\StartUp\startup_HR8P506.s
      At line 180 in file ..\StartUp\startup_HR8P506.s

LVD_IRQHandler 00000024

Symbol: LVD_IRQHandler
   Definitions
      At line 209 in file ..\StartUp\startup_HR8P506.s
   Uses
      At line 88 in file ..\StartUp\startup_HR8P506.s
      At line 182 in file ..\StartUp\startup_HR8P506.s

NMI_IRQHandler 0000001A

Symbol: NMI_IRQHandler
   Definitions
      At line 143 in file ..\StartUp\startup_HR8P506.s
   Uses
      At line 51 in file ..\StartUp\startup_HR8P506.s
      At line 144 in file ..\StartUp\startup_HR8P506.s

PINT0_IRQHandler 00000024

Symbol: PINT0_IRQHandler
   Definitions
      At line 192 in file ..\StartUp\startup_HR8P506.s
   Uses
      At line 67 in file ..\StartUp\startup_HR8P506.s
      At line 165 in file ..\StartUp\startup_HR8P506.s

PINT1_IRQHandler 00000024

Symbol: PINT1_IRQHandler
   Definitions
      At line 193 in file ..\StartUp\startup_HR8P506.s
   Uses
      At line 68 in file ..\StartUp\startup_HR8P506.s
      At line 166 in file ..\StartUp\startup_HR8P506.s

PINT2_IRQHandler 00000024

Symbol: PINT2_IRQHandler
   Definitions
      At line 194 in file ..\StartUp\startup_HR8P506.s
   Uses
      At line 69 in file ..\StartUp\startup_HR8P506.s
      At line 167 in file ..\StartUp\startup_HR8P506.s

PINT3_IRQHandler 00000024



ARM Macro Assembler    Page 4 Alphabetic symbol ordering
Relocatable symbols


Symbol: PINT3_IRQHandler
   Definitions
      At line 195 in file ..\StartUp\startup_HR8P506.s
   Uses
      At line 70 in file ..\StartUp\startup_HR8P506.s
      At line 168 in file ..\StartUp\startup_HR8P506.s

PINT4_IRQHandler 00000024

Symbol: PINT4_IRQHandler
   Definitions
      At line 196 in file ..\StartUp\startup_HR8P506.s
   Uses
      At line 71 in file ..\StartUp\startup_HR8P506.s
      At line 169 in file ..\StartUp\startup_HR8P506.s

PINT5_IRQHandler 00000024

Symbol: PINT5_IRQHandler
   Definitions
      At line 197 in file ..\StartUp\startup_HR8P506.s
   Uses
      At line 72 in file ..\StartUp\startup_HR8P506.s
      At line 170 in file ..\StartUp\startup_HR8P506.s

PINT6_IRQHandler 00000024

Symbol: PINT6_IRQHandler
   Definitions
      At line 198 in file ..\StartUp\startup_HR8P506.s
   Uses
      At line 73 in file ..\StartUp\startup_HR8P506.s
      At line 171 in file ..\StartUp\startup_HR8P506.s

PINT7_IRQHandler 00000024

Symbol: PINT7_IRQHandler
   Definitions
      At line 199 in file ..\StartUp\startup_HR8P506.s
   Uses
      At line 74 in file ..\StartUp\startup_HR8P506.s
      At line 172 in file ..\StartUp\startup_HR8P506.s

PLLLK_IRQHandler 00000024

Symbol: PLLLK_IRQHandler
   Definitions
      At line 210 in file ..\StartUp\startup_HR8P506.s
   Uses
      At line 89 in file ..\StartUp\startup_HR8P506.s
      At line 183 in file ..\StartUp\startup_HR8P506.s

PendSV_IRQHandler 00000020

Symbol: PendSV_IRQHandler
   Definitions
      At line 155 in file ..\StartUp\startup_HR8P506.s
   Uses



ARM Macro Assembler    Page 5 Alphabetic symbol ordering
Relocatable symbols

      At line 156 in file ..\StartUp\startup_HR8P506.s
Comment: PendSV_IRQHandler used once
RTC_IRQHandler 00000024

Symbol: RTC_IRQHandler
   Definitions
      At line 206 in file ..\StartUp\startup_HR8P506.s
   Uses
      At line 84 in file ..\StartUp\startup_HR8P506.s
      At line 179 in file ..\StartUp\startup_HR8P506.s

RegInit 00000034

Symbol: RegInit
   Definitions
      At line 229 in file ..\StartUp\startup_HR8P506.s
   Uses
      At line 120 in file ..\StartUp\startup_HR8P506.s
      At line 227 in file ..\StartUp\startup_HR8P506.s

Reset_IRQHandler 00000008

Symbol: Reset_IRQHandler
   Definitions
      At line 116 in file ..\StartUp\startup_HR8P506.s
   Uses
      At line 50 in file ..\StartUp\startup_HR8P506.s
      At line 117 in file ..\StartUp\startup_HR8P506.s

SPI0_IRQHandler 00000024

Symbol: SPI0_IRQHandler
   Definitions
      At line 214 in file ..\StartUp\startup_HR8P506.s
   Uses
      At line 94 in file ..\StartUp\startup_HR8P506.s
      At line 187 in file ..\StartUp\startup_HR8P506.s

SPI1_IRQHandler 00000024

Symbol: SPI1_IRQHandler
   Definitions
      At line 215 in file ..\StartUp\startup_HR8P506.s
   Uses
      At line 95 in file ..\StartUp\startup_HR8P506.s
      At line 188 in file ..\StartUp\startup_HR8P506.s

SVC_IRQHandler 0000001E

Symbol: SVC_IRQHandler
   Definitions
      At line 151 in file ..\StartUp\startup_HR8P506.s
   Uses
      At line 152 in file ..\StartUp\startup_HR8P506.s
Comment: SVC_IRQHandler used once
SysTick_IRQHandler 00000022

Symbol: SysTick_IRQHandler
   Definitions



ARM Macro Assembler    Page 6 Alphabetic symbol ordering
Relocatable symbols

      At line 159 in file ..\StartUp\startup_HR8P506.s
   Uses
      At line 160 in file ..\StartUp\startup_HR8P506.s
Comment: SysTick_IRQHandler used once
T16N0_IRQHandler 00000024

Symbol: T16N0_IRQHandler
   Definitions
      At line 200 in file ..\StartUp\startup_HR8P506.s
   Uses
      At line 75 in file ..\StartUp\startup_HR8P506.s
      At line 173 in file ..\StartUp\startup_HR8P506.s

T16N1_IRQHandler 00000024

Symbol: T16N1_IRQHandler
   Definitions
      At line 201 in file ..\StartUp\startup_HR8P506.s
   Uses
      At line 76 in file ..\StartUp\startup_HR8P506.s
      At line 174 in file ..\StartUp\startup_HR8P506.s

T16N2_IRQHandler 00000024

Symbol: T16N2_IRQHandler
   Definitions
      At line 202 in file ..\StartUp\startup_HR8P506.s
   Uses
      At line 77 in file ..\StartUp\startup_HR8P506.s
      At line 175 in file ..\StartUp\startup_HR8P506.s

T16N3_IRQHandler 00000024

Symbol: T16N3_IRQHandler
   Definitions
      At line 203 in file ..\StartUp\startup_HR8P506.s
   Uses
      At line 78 in file ..\StartUp\startup_HR8P506.s
      At line 176 in file ..\StartUp\startup_HR8P506.s

T32N0_IRQHandler 00000024

Symbol: T32N0_IRQHandler
   Definitions
      At line 204 in file ..\StartUp\startup_HR8P506.s
   Uses
      At line 79 in file ..\StartUp\startup_HR8P506.s
      At line 177 in file ..\StartUp\startup_HR8P506.s

UART0_IRQHandler 00000024

Symbol: UART0_IRQHandler
   Definitions
      At line 211 in file ..\StartUp\startup_HR8P506.s
   Uses
      At line 90 in file ..\StartUp\startup_HR8P506.s
      At line 184 in file ..\StartUp\startup_HR8P506.s

UART1_IRQHandler 00000024



ARM Macro Assembler    Page 7 Alphabetic symbol ordering
Relocatable symbols


Symbol: UART1_IRQHandler
   Definitions
      At line 212 in file ..\StartUp\startup_HR8P506.s
   Uses
      At line 91 in file ..\StartUp\startup_HR8P506.s
      At line 185 in file ..\StartUp\startup_HR8P506.s

WDT_IRQHandler 00000024

Symbol: WDT_IRQHandler
   Definitions
      At line 205 in file ..\StartUp\startup_HR8P506.s
   Uses
      At line 83 in file ..\StartUp\startup_HR8P506.s
      At line 178 in file ..\StartUp\startup_HR8P506.s

__user_initial_stackheap 000000E0

Symbol: __user_initial_stackheap
   Definitions
      At line 326 in file ..\StartUp\startup_HR8P506.s
   Uses
      At line 325 in file ..\StartUp\startup_HR8P506.s
Comment: __user_initial_stackheap used once
vPortSVCHandler 00000018

Symbol: vPortSVCHandler
   Definitions
      At line 138 in file ..\StartUp\startup_HR8P506.s
   Uses
      At line 60 in file ..\StartUp\startup_HR8P506.s
      At line 139 in file ..\StartUp\startup_HR8P506.s

xPortPendSVHandler 00000014

Symbol: xPortPendSVHandler
   Definitions
      At line 130 in file ..\StartUp\startup_HR8P506.s
   Uses
      At line 63 in file ..\StartUp\startup_HR8P506.s
      At line 131 in file ..\StartUp\startup_HR8P506.s

xPortSysTickHandler 00000016

Symbol: xPortSysTickHandler
   Definitions
      At line 134 in file ..\StartUp\startup_HR8P506.s
   Uses
      At line 64 in file ..\StartUp\startup_HR8P506.s
      At line 135 in file ..\StartUp\startup_HR8P506.s

46 symbols



ARM Macro Assembler    Page 1 Alphabetic symbol ordering
Absolute symbols

Heap_Size 00000000

Symbol: Heap_Size
   Definitions
      At line 33 in file ..\StartUp\startup_HR8P506.s
   Uses
      At line 37 in file ..\StartUp\startup_HR8P506.s
      At line 330 in file ..\StartUp\startup_HR8P506.s

Stack_Size 00000400

Symbol: Stack_Size
   Definitions
      At line 22 in file ..\StartUp\startup_HR8P506.s
   Uses
      At line 25 in file ..\StartUp\startup_HR8P506.s
      At line 329 in file ..\StartUp\startup_HR8P506.s

2 symbols



ARM Macro Assembler    Page 1 Alphabetic symbol ordering
External symbols

SystemInit 00000000

Symbol: SystemInit
   Definitions
      At line 119 in file ..\StartUp\startup_HR8P506.s
   Uses
      At line 122 in file ..\StartUp\startup_HR8P506.s
Comment: SystemInit used once
__main 00000000

Symbol: __main
   Definitions
      At line 118 in file ..\StartUp\startup_HR8P506.s
   Uses
      At line 124 in file ..\StartUp\startup_HR8P506.s
Comment: __main used once
__use_two_region_memory 00000000

Symbol: __use_two_region_memory
   Definitions
      At line 324 in file ..\StartUp\startup_HR8P506.s
   Uses
      None
Comment: __use_two_region_memory unused
3 symbols
392 symbols in table
